<?xml version="1.0" encoding="UTF-8"?>
<!-- Generated by org.testng.reporters.JUnitXMLReporter -->
<testsuite hostname="DESKTOP-MDF97HJ" name="Default test" tests="6" failures="0" timestamp="23 Nov 2021 06:45:24 GMT" time="507.334" errors="0">
  <testcase name="verifyAddEmployee" time="68.158" classname="com.technocredits.orghm.testscripts.PIM_AddEmployeeTest"/>
  <testcase name="verifyAddEmployeeUsingDataDriven" time="58.69" classname="com.technocredits.orghm.testscripts.PIM_AddEmployeeTest"/>
  <testcase name="verifyAddEmployeeUsingDataDriven" time="52.74" classname="com.technocredits.orghm.testscripts.PIM_AddEmployeeTest"/>
  <testcase name="verifyAddEmployeeUsingDataDriven" time="56.856" classname="com.technocredits.orghm.testscripts.PIM_AddEmployeeTest"/>
  <testcase name="verifyAddEmployeeUsingDataDriven" time="54.225" classname="com.technocredits.orghm.testscripts.PIM_AddEmployeeTest"/>
  <testcase name="verifyAddEmployeeUsingDataDriven" time="52.712" classname="com.technocredits.orghm.testscripts.PIM_AddEmployeeTest"/>
</testsuite> <!-- Default test -->
