<?xml version="1.0" encoding="UTF-8"?>
<testng-results skipped="0" failed="0" total="1" passed="1">
  <reporter-output>
  </reporter-output>
  <suite name="Default suite" duration-ms="43" started-at="2021-11-14T15:04:14Z" finished-at="2021-11-14T15:04:15Z">
    <groups>
    </groups>
    <test name="Default test" duration-ms="43" started-at="2021-11-14T15:04:14Z" finished-at="2021-11-14T15:04:15Z">
      <class name="welcome.Hello_World">
        <test-method status="PASS" signature="welcome()[pri:0, instance:welcome.Hello_World@62ee68d8]" name="welcome" duration-ms="17" started-at="2021-11-14T20:34:14Z" finished-at="2021-11-14T20:34:14Z">
          <reporter-output>
          </reporter-output>
        </test-method> <!-- welcome -->
      </class> <!-- welcome.Hello_World -->
    </test> <!-- Default test -->
  </suite> <!-- Default suite -->
</testng-results>
